<?xml version="1.0" encoding="UTF-8"?>
<!-- Generated by org.testng.reporters.JUnitXMLReporter -->
<testsuite hostname="LAPTOP-JS1VLUV9" name="Validating User login" tests="2" failures="2" timestamp="3 Jun 2020 19:18:01 GMT" time="1.534" errors="0">
  <testcase name="feature" time="0.525" classname="CucumberOptions.TestRunner">
    <failure type="cucumber.runtime.CucumberException" message="java.io.FileNotFoundException: C:\Users\user\Neon-workspace\E2EQAProjectsrc\main\java\resources\data.properties (The system cannot find the path specified)">
      <![CDATA[cucumber.runtime.CucumberException: java.io.FileNotFoundException: C:\Users\user\Neon-workspace\E2EQAProjectsrc\main\java\resources\data.properties (The system cannot find the path specified)
	at cucumber.api.testng.TestNGCucumberRunner.runCucumber(TestNGCucumberRunner.java:69)
	at cucumber.api.testng.AbstractTestNGCucumberTests.feature(AbstractTestNGCucumberTests.java:21)
	at java.util.concurrent.FutureTask.run(Unknown Source)
	at java.util.concurrent.ThreadPoolExecutor.runWorker(Unknown Source)
	at java.util.concurrent.ThreadPoolExecutor$Worker.run(Unknown Source)
	at java.lang.Thread.run(Unknown Source)
Caused by: java.io.FileNotFoundException: C:\Users\user\Neon-workspace\E2EQAProjectsrc\main\java\resources\data.properties (The system cannot find the path specified)
	at java.io.FileInputStream.open0(Native Method)
	at java.io.FileInputStream.open(Unknown Source)
	at java.io.FileInputStream.<init>(Unknown Source)
	at java.io.FileInputStream.<init>(Unknown Source)
	at resources.base.initializeDriver(base.java:25)
	at StepDifinitions.StepDefinition.initialize_the_browser_with_chrome(StepDefinition.java:17)
	at âœ½.Given Initialize the browser with chrome(Login.feature:4)
... Removed 16 stack frames]]>
    </failure>
  </testcase> <!-- feature -->
  <testcase name="feature" time="0.864" classname="CucumberOptions.TestRunner">
    <failure type="java.lang.NullPointerException">
      <![CDATA[java.lang.NullPointerException
	at resources.base.getScreenShotPath(base.java:56)
	at Academy.Listeners.onTestFailure(Listeners.java:49)
	at java.util.concurrent.FutureTask.run(Unknown Source)
	at java.util.concurrent.ThreadPoolExecutor.runWorker(Unknown Source)
	at java.util.concurrent.ThreadPoolExecutor$Worker.run(Unknown Source)
	at java.lang.Thread.run(Unknown Source)
... Removed 13 stack frames]]>
    </failure>
  </testcase> <!-- feature -->
</testsuite> <!-- Validating User login -->
