<?xml version="1.0" encoding="UTF-8"?>
<!-- Generated by org.testng.reporters.JUnitXMLReporter -->
<testsuite hostname="LAPTOP-JS1VLUV9" name="Validating title in the Page" tests="2" failures="0" timestamp="29 May 2020 20:30:06 GMT" time="0.042" errors="0">
  <testcase name="@BeforeTest initialize" time="0.0" classname="Academy.validateTitle">
    <failure type="java.io.FileNotFoundException" message="C:\Users\user\Neon-workspace\E2EQAProjectsrc\main\java\resources\data.properties (The system cannot find the path specified)">
      <![CDATA[java.io.FileNotFoundException: C:\Users\user\Neon-workspace\E2EQAProjectsrc\main\java\resources\data.properties (The system cannot find the path specified)
	at java.io.FileInputStream.open0(Native Method)
	at java.io.FileInputStream.open(FileInputStream.java:195)
	at java.io.FileInputStream.<init>(FileInputStream.java:138)
	at java.io.FileInputStream.<init>(FileInputStream.java:93)
	at resources.base.initializeDriver(base.java:26)
	at Academy.validateTitle.initialize(validateTitle.java:24)
	at java.util.concurrent.FutureTask.run(FutureTask.java:266)
	at java.util.concurrent.ThreadPoolExecutor.runWorker(ThreadPoolExecutor.java:1149)
	at java.util.concurrent.ThreadPoolExecutor$Worker.run(ThreadPoolExecutor.java:624)
	at java.lang.Thread.run(Thread.java:748)
... Removed 14 stack frames]]>
    </failure>
  </testcase> <!-- @BeforeTest initialize -->
  <testcase name="@AfterTest teardown" time="0.0" classname="Academy.validateTitle">
    <skipped/>
  </testcase> <!-- @AfterTest teardown -->
  <testcase name="validateAppTitle" time="0.004" classname="Academy.validateTitle">
    <skipped/>
  </testcase> <!-- validateAppTitle -->
  <testcase name="validateHeader" time="0.001" classname="Academy.validateTitle">
    <skipped/>
  </testcase> <!-- validateHeader -->
</testsuite> <!-- Validating title in the Page -->
